app/build/intermediates/manifest_merge_blame_file/debug/processDebugMainManifest/manifest-merger-blame-debug-report.txt
1<?xml version="1.0" encoding="utf-8"?>
2<manifest xmlns:android="http://schemas.android.com/apk/res/android"
3    package="edu.sjsu.android.localeventfinder"
4    android:versionCode="1"
5    android:versionName="1.0" >
6
7    <uses-sdk
8        android:minSdkVersion="21"
9        android:targetSdkVersion="34" />
10
11    <uses-permission android:name="android.permission.INTERNET" />
11-->src\main\AndroidManifest.xml:4:5-67
11-->src\main\AndroidManifest.xml:4:22-64
12
13    <!-- Include required permissions for Google Maps API to run. -->
14    <uses-permission android:name="android.permission.ACCESS_NETWORK_STATE" />
14-->[com.google.android.gms:play-services-maps:19.0.0] AndroidManifest.xml:23:5-79
14-->[com.google.android.gms:play-services-maps:19.0.0] AndroidManifest.xml:23:22-76
15
16    <uses-feature
16-->[com.google.android.gms:play-services-maps:19.0.0] AndroidManifest.xml:26:5-28:35
17        android:glEsVersion="0x00020000"
17-->[com.google.android.gms:play-services-maps:19.0.0] AndroidManifest.xml:27:9-41
18        android:required="true" />
18-->[com.google.android.gms:play-services-maps:19.0.0] AndroidManifest.xml:28:9-32
19
20    <queries>
20-->[com.google.android.gms:play-services-maps:19.0.0] AndroidManifest.xml:30:5-34:15
21
22        <!-- Needs to be explicitly declared on Android R+ -->
23        <package android:name="com.google.android.apps.maps" />
23-->[com.google.android.gms:play-services-maps:19.0.0] AndroidManifest.xml:33:9-64
23-->[com.google.android.gms:play-services-maps:19.0.0] AndroidManifest.xml:33:18-61
24    </queries>
25
26    <permission
26-->[androidx.core:core:1.13.0] AndroidManifest.xml:22:5-24:47
27        android:name="edu.sjsu.android.localeventfinder.DYNAMIC_RECEIVER_NOT_EXPORTED_PERMISSION"
27-->[androidx.core:core:1.13.0] AndroidManifest.xml:23:9-81
28        android:protectionLevel="signature" />
28-->[androidx.core:core:1.13.0] AndroidManifest.xml:24:9-44
29
30    <uses-permission android:name="edu.sjsu.android.localeventfinder.DYNAMIC_RECEIVER_NOT_EXPORTED_PERMISSION" />
30-->[androidx.core:core:1.13.0] AndroidManifest.xml:26:5-97
30-->[androidx.core:core:1.13.0] AndroidManifest.xml:26:22-94
31
32    <application
32-->src\main\AndroidManifest.xml:6:5-45:19
33        android:allowBackup="true"
33-->src\main\AndroidManifest.xml:7:9-35
34        android:appComponentFactory="androidx.core.app.CoreComponentFactory"
34-->[androidx.core:core:1.13.0] AndroidManifest.xml:28:18-86
35        android:dataExtractionRules="@xml/data_extraction_rules"
35-->src\main\AndroidManifest.xml:8:9-65
36        android:debuggable="true"
37        android:extractNativeLibs="true"
38        android:fullBackupContent="@xml/backup_rules"
38-->src\main\AndroidManifest.xml:9:9-54
39        android:icon="@mipmap/ic_launcher"
39-->src\main\AndroidManifest.xml:10:9-43
40        android:label="@string/app_name"
40-->src\main\AndroidManifest.xml:11:9-41
41        android:roundIcon="@mipmap/ic_launcher_round"
41-->src\main\AndroidManifest.xml:12:9-54
42        android:supportsRtl="true"
42-->src\main\AndroidManifest.xml:13:9-35
43        android:testOnly="true"
44        android:theme="@style/Theme.LocalEventFinder" >
44-->src\main\AndroidManifest.xml:14:9-54
45        <meta-data
45-->src\main\AndroidManifest.xml:17:9-19:59
46            android:name="com.google.android.geo.API_KEY"
46-->src\main\AndroidManifest.xml:18:13-58
47            android:value="@string/google_maps_api_key" />
47-->src\main\AndroidManifest.xml:19:13-56
48
49        <activity
49-->src\main\AndroidManifest.xml:21:9-23:39
50            android:name="edu.sjsu.android.localeventfinder.SignUpActivity"
50-->src\main\AndroidManifest.xml:22:13-43
51            android:exported="true" />
51-->src\main\AndroidManifest.xml:23:13-36
52        <activity
52-->src\main\AndroidManifest.xml:24:9-26:39
53            android:name="edu.sjsu.android.localeventfinder.LoginActivity"
53-->src\main\AndroidManifest.xml:25:13-42
54            android:exported="true" />
54-->src\main\AndroidManifest.xml:26:13-36
55        <activity
55-->src\main\AndroidManifest.xml:28:9-30:39
56            android:name="edu.sjsu.android.localeventfinder.MainActivity"
56-->src\main\AndroidManifest.xml:29:13-41
57            android:exported="true" />
57-->src\main\AndroidManifest.xml:30:13-36
58        <activity
58-->src\main\AndroidManifest.xml:31:9-39:20
59            android:name="edu.sjsu.android.localeventfinder.LandingPageActivity"
59-->src\main\AndroidManifest.xml:32:13-48
60            android:exported="true" >
60-->src\main\AndroidManifest.xml:33:13-36
61            <intent-filter>
61-->src\main\AndroidManifest.xml:34:13-38:29
62                <action android:name="android.intent.action.MAIN" />
62-->src\main\AndroidManifest.xml:35:17-69
62-->src\main\AndroidManifest.xml:35:25-66
63
64                <category android:name="android.intent.category.LAUNCHER" />
64-->src\main\AndroidManifest.xml:37:17-77
64-->src\main\AndroidManifest.xml:37:27-74
65            </intent-filter>
66        </activity>
67        <activity android:name="edu.sjsu.android.localeventfinder.EventDetailFragmentActivity" >
67-->src\main\AndroidManifest.xml:41:9-43:20
67-->src\main\AndroidManifest.xml:42:13-56
68        </activity>
69
70        <!-- Needs to be explicitly declared on P+ -->
71        <uses-library
71-->[com.google.android.gms:play-services-maps:19.0.0] AndroidManifest.xml:39:9-41:40
72            android:name="org.apache.http.legacy"
72-->[com.google.android.gms:play-services-maps:19.0.0] AndroidManifest.xml:40:13-50
73            android:required="false" />
73-->[com.google.android.gms:play-services-maps:19.0.0] AndroidManifest.xml:41:13-37
74
75        <activity
75-->[com.google.android.gms:play-services-base:18.5.0] AndroidManifest.xml:5:9-173
76            android:name="com.google.android.gms.common.api.GoogleApiActivity"
76-->[com.google.android.gms:play-services-base:18.5.0] AndroidManifest.xml:5:19-85
77            android:exported="false"
77-->[com.google.android.gms:play-services-base:18.5.0] AndroidManifest.xml:5:146-170
78            android:theme="@android:style/Theme.Translucent.NoTitleBar" />
78-->[com.google.android.gms:play-services-base:18.5.0] AndroidManifest.xml:5:86-145
79
80        <meta-data
80-->[com.google.android.gms:play-services-basement:18.4.0] AndroidManifest.xml:6:9-122
81            android:name="com.google.android.gms.version"
81-->[com.google.android.gms:play-services-basement:18.4.0] AndroidManifest.xml:6:20-65
82            android:value="@integer/google_play_services_version" />
82-->[com.google.android.gms:play-services-basement:18.4.0] AndroidManifest.xml:6:66-119
83
84        <service
84-->[androidx.room:room-runtime:2.6.1] AndroidManifest.xml:24:9-28:63
85            android:name="androidx.room.MultiInstanceInvalidationService"
85-->[androidx.room:room-runtime:2.6.1] AndroidManifest.xml:25:13-74
86            android:directBootAware="true"
86-->[androidx.room:room-runtime:2.6.1] AndroidManifest.xml:26:13-43
87            android:exported="false" />
87-->[androidx.room:room-runtime:2.6.1] AndroidManifest.xml:27:13-37
88
89        <provider
89-->[androidx.emoji2:emoji2:1.3.0] AndroidManifest.xml:24:9-32:20
90            android:name="androidx.startup.InitializationProvider"
90-->[androidx.emoji2:emoji2:1.3.0] AndroidManifest.xml:25:13-67
91            android:authorities="edu.sjsu.android.localeventfinder.androidx-startup"
91-->[androidx.emoji2:emoji2:1.3.0] AndroidManifest.xml:26:13-68
92            android:exported="false" >
92-->[androidx.emoji2:emoji2:1.3.0] AndroidManifest.xml:27:13-37
93            <meta-data
93-->[androidx.emoji2:emoji2:1.3.0] AndroidManifest.xml:29:13-31:52
94                android:name="androidx.emoji2.text.EmojiCompatInitializer"
94-->[androidx.emoji2:emoji2:1.3.0] AndroidManifest.xml:30:17-75
95                android:value="androidx.startup" />
95-->[androidx.emoji2:emoji2:1.3.0] AndroidManifest.xml:31:17-49
96            <meta-data
96-->[androidx.lifecycle:lifecycle-process:2.6.2] AndroidManifest.xml:29:13-31:52
97                android:name="androidx.lifecycle.ProcessLifecycleInitializer"
97-->[androidx.lifecycle:lifecycle-process:2.6.2] AndroidManifest.xml:30:17-78
98                android:value="androidx.startup" />
98-->[androidx.lifecycle:lifecycle-process:2.6.2] AndroidManifest.xml:31:17-49
99            <meta-data
99-->[androidx.profileinstaller:profileinstaller:1.3.1] AndroidManifest.xml:29:13-31:52
100                android:name="androidx.profileinstaller.ProfileInstallerInitializer"
100-->[androidx.profileinstaller:profileinstaller:1.3.1] AndroidManifest.xml:30:17-85
101                android:value="androidx.startup" />
101-->[androidx.profileinstaller:profileinstaller:1.3.1] AndroidManifest.xml:31:17-49
102        </provider>
103
104        <receiver
104-->[androidx.profileinstaller:profileinstaller:1.3.1] AndroidManifest.xml:34:9-52:20
105            android:name="androidx.profileinstaller.ProfileInstallReceiver"
105-->[androidx.profileinstaller:profileinstaller:1.3.1] AndroidManifest.xml:35:13-76
106            android:directBootAware="false"
106-->[androidx.profileinstaller:profileinstaller:1.3.1] AndroidManifest.xml:36:13-44
107            android:enabled="true"
107-->[androidx.profileinstaller:profileinstaller:1.3.1] AndroidManifest.xml:37:13-35
108            android:exported="true"
108-->[androidx.profileinstaller:profileinstaller:1.3.1] AndroidManifest.xml:38:13-36
109            android:permission="android.permission.DUMP" >
109-->[androidx.profileinstaller:profileinstaller:1.3.1] AndroidManifest.xml:39:13-57
110            <intent-filter>
110-->[androidx.profileinstaller:profileinstaller:1.3.1] AndroidManifest.xml:40:13-42:29
111                <action android:name="androidx.profileinstaller.action.INSTALL_PROFILE" />
111-->[androidx.profileinstaller:profileinstaller:1.3.1] AndroidManifest.xml:41:17-91
111-->[androidx.profileinstaller:profileinstaller:1.3.1] AndroidManifest.xml:41:25-88
112            </intent-filter>
113            <intent-filter>
113-->[androidx.profileinstaller:profileinstaller:1.3.1] AndroidManifest.xml:43:13-45:29
114                <action android:name="androidx.profileinstaller.action.SKIP_FILE" />
114-->[androidx.profileinstaller:profileinstaller:1.3.1] AndroidManifest.xml:44:17-85
114-->[androidx.profileinstaller:profileinstaller:1.3.1] AndroidManifest.xml:44:25-82
115            </intent-filter>
116            <intent-filter>
116-->[androidx.profileinstaller:profileinstaller:1.3.1] AndroidManifest.xml:46:13-48:29
117                <action android:name="androidx.profileinstaller.action.SAVE_PROFILE" />
117-->[androidx.profileinstaller:profileinstaller:1.3.1] AndroidManifest.xml:47:17-88
117-->[androidx.profileinstaller:profileinstaller:1.3.1] AndroidManifest.xml:47:25-85
118            </intent-filter>
119            <intent-filter>
119-->[androidx.profileinstaller:profileinstaller:1.3.1] AndroidManifest.xml:49:13-51:29
120                <action android:name="androidx.profileinstaller.action.BENCHMARK_OPERATION" />
120-->[androidx.profileinstaller:profileinstaller:1.3.1] AndroidManifest.xml:50:17-95
120-->[androidx.profileinstaller:profileinstaller:1.3.1] AndroidManifest.xml:50:25-92
121            </intent-filter>
122        </receiver>
123    </application>
124
125</manifest>